<?xml version="1.0" encoding="UTF-8"?>
<!-- Generated by org.testng.reporters.JUnitXMLReporter -->
<testsuite hostname="DESKTOP-SGH2HRU" ignored="2" name="exicuteTestCases" tests="20" failures="4" timestamp="2021-03-12T12:00:24 IST" time="1.401" errors="0">
  <testcase name="@AfterMethod afterTest" time="0.002" classname="com.Hackatone.Base.BaseUI">
    <failure type="java.lang.NullPointerException">
      <![CDATA[java.lang.NullPointerException
at com.Hackatone.Base.BaseUI.afterTest(BaseUI.java:353)
at java.util.ArrayList.forEach(ArrayList.java:1249)
... Removed 32 stack frames]]>
    </failure>
  </testcase> <!-- @AfterMethod afterTest -->
  <testcase name="@AfterMethod afterTest" time="0.001" classname="com.Hackatone.Base.BaseUI">
    <failure type="java.lang.NullPointerException">
      <![CDATA[java.lang.NullPointerException
at com.Hackatone.Base.BaseUI.afterTest(BaseUI.java:353)
at java.util.ArrayList.forEach(ArrayList.java:1249)
... Removed 32 stack frames]]>
    </failure>
  </testcase> <!-- @AfterMethod afterTest -->
  <testcase name="@AfterMethod afterTest" time="-1.615530623655E9" classname="com.Hackatone.Base.BaseUI">
    <skipped/>
  </testcase> <!-- @AfterMethod afterTest -->
  <testcase name="@AfterMethod afterTest" time="0.001" classname="com.Hackatone.Base.BaseUI">
    <failure type="java.lang.NullPointerException">
      <![CDATA[java.lang.NullPointerException
at com.Hackatone.Base.BaseUI.afterTest(BaseUI.java:353)
at java.util.ArrayList.forEach(ArrayList.java:1249)
... Removed 32 stack frames]]>
    </failure>
  </testcase> <!-- @AfterMethod afterTest -->
  <testcase name="@AfterMethod afterTest" time="0.003" classname="com.Hackatone.Base.BaseUI">
    <failure type="java.lang.NullPointerException">
      <![CDATA[java.lang.NullPointerException
at com.Hackatone.Base.BaseUI.afterTest(BaseUI.java:353)
at java.util.ArrayList.forEach(ArrayList.java:1249)
... Removed 32 stack frames]]>
    </failure>
  </testcase> <!-- @AfterMethod afterTest -->
  <testcase name="@AfterMethod afterTest" time="-1.615530623714E9" classname="com.Hackatone.Base.BaseUI">
    <skipped/>
  </testcase> <!-- @AfterMethod afterTest -->
  <testcase name="@AfterMethod afterTest" time="-1.615530623723E9" classname="com.Hackatone.Base.BaseUI">
    <skipped/>
  </testcase> <!-- @AfterMethod afterTest -->
  <testcase name="@AfterMethod afterTest" time="-1.615530623734E9" classname="com.Hackatone.Base.BaseUI">
    <skipped/>
  </testcase> <!-- @AfterMethod afterTest -->
  <testcase name="@AfterMethod afterTest" time="-1.615530623748E9" classname="com.Hackatone.Base.BaseUI">
    <skipped/>
  </testcase> <!-- @AfterMethod afterTest -->
  <testcase name="@AfterMethod afterTest" time="-1.615530623758E9" classname="com.Hackatone.Base.BaseUI">
    <skipped/>
  </testcase> <!-- @AfterMethod afterTest -->
  <testcase name="@AfterMethod afterTest" time="-1.615530623767E9" classname="com.Hackatone.Base.BaseUI">
    <skipped/>
  </testcase> <!-- @AfterMethod afterTest -->
  <testcase name="@AfterMethod afterTest" time="-1.615530623774E9" classname="com.Hackatone.Base.BaseUI">
    <skipped/>
  </testcase> <!-- @AfterMethod afterTest -->
  <testcase name="@AfterMethod afterTest" time="-1.615530623781E9" classname="com.Hackatone.Base.BaseUI">
    <skipped/>
  </testcase> <!-- @AfterMethod afterTest -->
  <testcase name="@AfterMethod afterTest" time="-1.615530623788E9" classname="com.Hackatone.Base.BaseUI">
    <skipped/>
  </testcase> <!-- @AfterMethod afterTest -->
  <testcase name="@AfterMethod afterTest" time="-1.615530623794E9" classname="com.Hackatone.Base.BaseUI">
    <skipped/>
  </testcase> <!-- @AfterMethod afterTest -->
  <testcase name="@AfterMethod afterTest" time="-1.6155306238E9" classname="com.Hackatone.Base.BaseUI">
    <skipped/>
  </testcase> <!-- @AfterMethod afterTest -->
  <testcase name="@AfterMethod afterTest" time="-1.615530623807E9" classname="com.Hackatone.Base.BaseUI">
    <skipped/>
  </testcase> <!-- @AfterMethod afterTest -->
  <testcase name="@AfterMethod afterTest" time="-1.615530623814E9" classname="com.Hackatone.Base.BaseUI">
    <skipped/>
  </testcase> <!-- @AfterMethod afterTest -->
  <testcase name="@AfterMethod afterTest" time="-1.61553062382E9" classname="com.Hackatone.Base.BaseUI">
    <skipped/>
  </testcase> <!-- @AfterMethod afterTest -->
  <testcase name="@AfterMethod afterTest" time="-1.615530623826E9" classname="com.Hackatone.Base.BaseUI">
    <skipped/>
  </testcase> <!-- @AfterMethod afterTest -->
  <testcase name="testOneForBookshelves" time="0.064" classname="com.Hackatone.TestClasses.GetBookshelves">
    <failure type="java.lang.NullPointerException">
      <![CDATA[java.lang.NullPointerException
at com.Hackatone.Base.BaseUI.takeScreenShotForValidation(BaseUI.java:359)
at com.Hackatone.Base.BaseUI.reportFail(BaseUI.java:342)
at com.Hackatone.Base.BaseUI.invokeBrowser(BaseUI.java:80)
at com.Hackatone.TestClasses.GetBookshelves.testOneForBookshelves(GetBookshelves.java:17)
at java.util.ArrayList.forEach(ArrayList.java:1249)
... Removed 27 stack frames]]>
    </failure>
  </testcase> <!-- testOneForBookshelves -->
  <testcase name="getHomeListItems_one" time="0.003" classname="com.Hackatone.TestClasses.GetHomeItems">
    <failure type="java.lang.NullPointerException">
      <![CDATA[java.lang.NullPointerException
at com.Hackatone.Base.BaseUI.takeScreenShotForValidation(BaseUI.java:359)
at com.Hackatone.Base.BaseUI.reportFail(BaseUI.java:342)
at com.Hackatone.Base.BaseUI.invokeBrowser(BaseUI.java:80)
at com.Hackatone.TestClasses.GetHomeItems.getHomeListItems_one(GetHomeItems.java:17)
at java.util.ArrayList.forEach(ArrayList.java:1249)
... Removed 27 stack frames]]>
    </failure>
  </testcase> <!-- getHomeListItems_one -->
  <testcase name="getHomeListItems_two" time="0.0" classname="com.Hackatone.TestClasses.GetHomeItems">
    <skipped/>
  </testcase> <!-- getHomeListItems_two -->
  <testcase name="testForStudyChairs" time="0.003" classname="com.Hackatone.TestClasses.GetStudyChair">
    <failure type="java.lang.NullPointerException">
      <![CDATA[java.lang.NullPointerException
at com.Hackatone.Base.BaseUI.takeScreenShotForValidation(BaseUI.java:359)
at com.Hackatone.Base.BaseUI.reportFail(BaseUI.java:342)
at com.Hackatone.Base.BaseUI.invokeBrowser(BaseUI.java:80)
at com.Hackatone.TestClasses.GetStudyChair.testForStudyChairs(GetStudyChair.java:17)
at java.util.ArrayList.forEach(ArrayList.java:1249)
... Removed 27 stack frames]]>
    </failure>
  </testcase> <!-- testForStudyChairs -->
  <testcase name="testForGiftCards" time="0.004" classname="com.Hackatone.TestClasses.GiftCard">
    <failure type="java.lang.NullPointerException">
      <![CDATA[java.lang.NullPointerException
at com.Hackatone.Base.BaseUI.takeScreenShotForValidation(BaseUI.java:359)
at com.Hackatone.Base.BaseUI.reportFail(BaseUI.java:342)
at com.Hackatone.Base.BaseUI.invokeBrowser(BaseUI.java:80)
at com.Hackatone.TestClasses.GiftCard.testForGiftCards(GiftCard.java:19)
at java.util.ArrayList.forEach(ArrayList.java:1249)
... Removed 27 stack frames]]>
    </failure>
  </testcase> <!-- testForGiftCards -->
  <testcase name="testForGiftCards" time="0.0" classname="com.Hackatone.TestClasses.GiftCard">
    <skipped/>
  </testcase> <!-- testForGiftCards -->
  <testcase name="testForGiftCards" time="0.0" classname="com.Hackatone.TestClasses.GiftCard">
    <skipped/>
  </testcase> <!-- testForGiftCards -->
  <testcase name="testForGiftCards" time="0.0" classname="com.Hackatone.TestClasses.GiftCard">
    <skipped/>
  </testcase> <!-- testForGiftCards -->
  <testcase name="testForGiftCards" time="0.0" classname="com.Hackatone.TestClasses.GiftCard">
    <skipped/>
  </testcase> <!-- testForGiftCards -->
  <testcase name="testForGiftCards" time="0.0" classname="com.Hackatone.TestClasses.GiftCard">
    <skipped/>
  </testcase> <!-- testForGiftCards -->
  <testcase name="testForGiftCards" time="0.0" classname="com.Hackatone.TestClasses.GiftCard">
    <skipped/>
  </testcase> <!-- testForGiftCards -->
  <testcase name="testForGiftCards" time="0.0" classname="com.Hackatone.TestClasses.GiftCard">
    <skipped/>
  </testcase> <!-- testForGiftCards -->
  <testcase name="testForGiftCards" time="0.0" classname="com.Hackatone.TestClasses.GiftCard">
    <skipped/>
  </testcase> <!-- testForGiftCards -->
  <testcase name="testForGiftCards" time="0.0" classname="com.Hackatone.TestClasses.GiftCard">
    <skipped/>
  </testcase> <!-- testForGiftCards -->
  <testcase name="testForGiftCards" time="0.0" classname="com.Hackatone.TestClasses.GiftCard">
    <skipped/>
  </testcase> <!-- testForGiftCards -->
  <testcase name="testForGiftCards" time="0.0" classname="com.Hackatone.TestClasses.GiftCard">
    <skipped/>
  </testcase> <!-- testForGiftCards -->
  <testcase name="testForGiftCards" time="0.0" classname="com.Hackatone.TestClasses.GiftCard">
    <skipped/>
  </testcase> <!-- testForGiftCards -->
  <testcase name="testForGiftCards" time="0.0" classname="com.Hackatone.TestClasses.GiftCard">
    <skipped/>
  </testcase> <!-- testForGiftCards -->
  <testcase name="testForGiftCards" time="0.0" classname="com.Hackatone.TestClasses.GiftCard">
    <skipped/>
  </testcase> <!-- testForGiftCards -->
  <testcase name="testForGiftCards" time="0.0" classname="com.Hackatone.TestClasses.GiftCard">
    <skipped/>
  </testcase> <!-- testForGiftCards -->
  <testcase name="@AfterTest endReport" time="0.0" classname="com.Hackatone.Base.BaseUI">
    <ignored/>
  </testcase> <!-- @AfterTest endReport -->
  <testcase name="@AfterTest endReport" time="0.0" classname="com.Hackatone.Base.BaseUI">
    <ignored/>
  </testcase> <!-- @AfterTest endReport -->
</testsuite> <!-- exicuteTestCases -->
