<?xml version="1.0" encoding="UTF-8"?>
<!-- Generated by org.testng.reporters.JUnitXMLReporter -->
<testsuite hostname="LAPTOP-7COG7LUP" ignored="2" name="exicuteTestCases" tests="20" failures="12" timestamp="01 Nov 2020 12:36:32 GMT" time="796.935" errors="0">
  <testcase name="testOneForBookshelves" time="29.835" classname="com.Hackatone.TestClasses.GetBookshelves"/>
  <testcase name="getHomeListItems_one" time="14.927" classname="com.Hackatone.TestClasses.GetHomeItems"/>
  <testcase name="getHomeListItems_two" time="13.699" classname="com.Hackatone.TestClasses.GetHomeItems">
    <failure type="java.lang.AssertionError" message="Failing the Testcase, Invalid Locator collection_menu_xpath">
      <![CDATA[java.lang.AssertionError: Failing the Testcase, Invalid Locator collection_menu_xpath
at com.Hackatone.Base.BaseUI.reportFail(BaseUI.java:343)
at com.Hackatone.Base.BaseUI.getElement(BaseUI.java:285)
at com.Hackatone.Base.BaseUI.elementClick(BaseUI.java:161)
at com.Hackatone.Base.BaseUI.mouseclickAndSelectElements(BaseUI.java:224)
at com.Hackatone.TestClasses.GetHomeItems.getHomeListItems_two(GetHomeItems.java:40)
... Removed 30 stack frames]]>
    </failure>
  </testcase> <!-- getHomeListItems_two -->
  <testcase name="testForStudyChairs" time="22.173" classname="com.Hackatone.TestClasses.GetStudyChair"/>
  <testcase name="testForGiftCards" time="40.443" classname="com.Hackatone.TestClasses.GiftCard"/>
  <testcase name="testForGiftCards" time="38.115" classname="com.Hackatone.TestClasses.GiftCard">
    <failure type="java.lang.AssertionError" message="Wrong information Fed-Up :: Verify The Details in attached ScreenShot">
      <![CDATA[java.lang.AssertionError: Wrong information Fed-Up :: Verify The Details in attached ScreenShot
at com.Hackatone.Base.BaseUI.reportFail(BaseUI.java:343)
at com.Hackatone.Base.BaseUI.validateResult(BaseUI.java:248)
at com.Hackatone.TestClasses.GiftCard.testForGiftCards(GiftCard.java:62)
... Removed 30 stack frames]]>
    </failure>
  </testcase> <!-- testForGiftCards -->
  <testcase name="testForGiftCards" time="37.043" classname="com.Hackatone.TestClasses.GiftCard">
    <failure type="java.lang.AssertionError" message="Wrong information Fed-Up :: Verify The Details in attached ScreenShot">
      <![CDATA[java.lang.AssertionError: Wrong information Fed-Up :: Verify The Details in attached ScreenShot
at com.Hackatone.Base.BaseUI.reportFail(BaseUI.java:343)
at com.Hackatone.Base.BaseUI.validateResult(BaseUI.java:248)
at com.Hackatone.TestClasses.GiftCard.testForGiftCards(GiftCard.java:62)
... Removed 30 stack frames]]>
    </failure>
  </testcase> <!-- testForGiftCards -->
  <testcase name="testForGiftCards" time="34.932" classname="com.Hackatone.TestClasses.GiftCard"/>
  <testcase name="testForGiftCards" time="37.726" classname="com.Hackatone.TestClasses.GiftCard">
    <failure type="java.lang.AssertionError" message="Wrong information Fed-Up :: Verify The Details in attached ScreenShot">
      <![CDATA[java.lang.AssertionError: Wrong information Fed-Up :: Verify The Details in attached ScreenShot
at com.Hackatone.Base.BaseUI.reportFail(BaseUI.java:343)
at com.Hackatone.Base.BaseUI.validateResult(BaseUI.java:248)
at com.Hackatone.TestClasses.GiftCard.testForGiftCards(GiftCard.java:62)
... Removed 30 stack frames]]>
    </failure>
  </testcase> <!-- testForGiftCards -->
  <testcase name="testForGiftCards" time="37.694" classname="com.Hackatone.TestClasses.GiftCard">
    <failure type="java.lang.AssertionError" message="Wrong information Fed-Up :: Verify The Details in attached ScreenShot">
      <![CDATA[java.lang.AssertionError: Wrong information Fed-Up :: Verify The Details in attached ScreenShot
at com.Hackatone.Base.BaseUI.reportFail(BaseUI.java:343)
at com.Hackatone.Base.BaseUI.validateResult(BaseUI.java:248)
at com.Hackatone.TestClasses.GiftCard.testForGiftCards(GiftCard.java:62)
... Removed 30 stack frames]]>
    </failure>
  </testcase> <!-- testForGiftCards -->
  <testcase name="testForGiftCards" time="37.47" classname="com.Hackatone.TestClasses.GiftCard">
    <failure type="java.lang.AssertionError" message="Wrong information Fed-Up :: Verify The Details in attached ScreenShot">
      <![CDATA[java.lang.AssertionError: Wrong information Fed-Up :: Verify The Details in attached ScreenShot
at com.Hackatone.Base.BaseUI.reportFail(BaseUI.java:343)
at com.Hackatone.Base.BaseUI.validateResult(BaseUI.java:248)
at com.Hackatone.TestClasses.GiftCard.testForGiftCards(GiftCard.java:62)
... Removed 30 stack frames]]>
    </failure>
  </testcase> <!-- testForGiftCards -->
  <testcase name="testForGiftCards" time="36.934" classname="com.Hackatone.TestClasses.GiftCard">
    <failure type="java.lang.AssertionError" message="Wrong information Fed-Up :: Verify The Details in attached ScreenShot">
      <![CDATA[java.lang.AssertionError: Wrong information Fed-Up :: Verify The Details in attached ScreenShot
at com.Hackatone.Base.BaseUI.reportFail(BaseUI.java:343)
at com.Hackatone.Base.BaseUI.validateResult(BaseUI.java:248)
at com.Hackatone.TestClasses.GiftCard.testForGiftCards(GiftCard.java:62)
... Removed 30 stack frames]]>
    </failure>
  </testcase> <!-- testForGiftCards -->
  <testcase name="testForGiftCards" time="37.948" classname="com.Hackatone.TestClasses.GiftCard">
    <failure type="java.lang.AssertionError" message="Wrong information Fed-Up :: Verify The Details in attached ScreenShot">
      <![CDATA[java.lang.AssertionError: Wrong information Fed-Up :: Verify The Details in attached ScreenShot
at com.Hackatone.Base.BaseUI.reportFail(BaseUI.java:343)
at com.Hackatone.Base.BaseUI.validateResult(BaseUI.java:248)
at com.Hackatone.TestClasses.GiftCard.testForGiftCards(GiftCard.java:62)
... Removed 30 stack frames]]>
    </failure>
  </testcase> <!-- testForGiftCards -->
  <testcase name="testForGiftCards" time="148.032" classname="com.Hackatone.TestClasses.GiftCard">
    <failure type="java.lang.AssertionError" message="element not interactable
  (Session info: chrome=86.0.4240.111)
Build info: version: &amp;apos;3.141.59&amp;apos;, revision: &amp;apos;e82be7d358&amp;apos;, time: &amp;apos;2018-11-14T08:17:03&amp;apos;
System info: host: &amp;apos;LAPTOP-7COG7LUP&amp;apos;, ip: &amp;apos;192.168.1.100&amp;apos;, os.name: &amp;apos;Windows 10&amp;apos;, os.arch: &amp;apos;amd64&amp;apos;, os.version: &amp;apos;10.0&amp;apos;, java.version: &amp;apos;1.8.0_241&amp;apos;
Driver info: org.openqa.selenium.remote.RemoteWebDriver
Capabilities {acceptInsecureCerts: false, browserName: chrome, browserVersion: 86.0.4240.111, chrome: {chromedriverVersion: 85.0.4183.87 (cd6713ebf92fa..., userDataDir: C:\Users\SUBASH~1\AppData\L...}, goog:chromeOptions: {debuggerAddress: localhost:51585}, javascriptEnabled: true, networkConnectionEnabled: false, pageLoadStrategy: normal, platform: WINDOWS, platformName: WINDOWS, proxy: Proxy(), setWindowRect: true, strictFileInteractability: false, timeouts: {implicit: 0, pageLoad: 300000, script: 30000}, unhandledPromptBehavior: dismiss and notify, webauthn:virtualAuthenticators: true, webdriver.remote.sessionid: 0a62aa7b101780f92584b98146c...}
Session ID: 0a62aa7b101780f92584b98146c900b9">
      <![CDATA[java.lang.AssertionError: element not interactable
  (Session info: chrome=86.0.4240.111)
Build info: version: '3.141.59', revision: 'e82be7d358', time: '2018-11-14T08:17:03'
System info: host: 'LAPTOP-7COG7LUP', ip: '192.168.1.100', os.name: 'Windows 10', os.arch: 'amd64', os.version: '10.0', java.version: '1.8.0_241'
Driver info: org.openqa.selenium.remote.RemoteWebDriver
Capabilities {acceptInsecureCerts: false, browserName: chrome, browserVersion: 86.0.4240.111, chrome: {chromedriverVersion: 85.0.4183.87 (cd6713ebf92fa..., userDataDir: C:\Users\SUBASH~1\AppData\L...}, goog:chromeOptions: {debuggerAddress: localhost:51585}, javascriptEnabled: true, networkConnectionEnabled: false, pageLoadStrategy: normal, platform: WINDOWS, platformName: WINDOWS, proxy: Proxy(), setWindowRect: true, strictFileInteractability: false, timeouts: {implicit: 0, pageLoad: 300000, script: 30000}, unhandledPromptBehavior: dismiss and notify, webauthn:virtualAuthenticators: true, webdriver.remote.sessionid: 0a62aa7b101780f92584b98146c...}
Session ID: 0a62aa7b101780f92584b98146c900b9
at com.Hackatone.Base.BaseUI.reportFail(BaseUI.java:343)
at com.Hackatone.Base.BaseUI.enterText(BaseUI.java:132)
at com.Hackatone.TestClasses.GiftCard.testForGiftCards(GiftCard.java:41)
... Removed 30 stack frames]]>
    </failure>
  </testcase> <!-- testForGiftCards -->
  <testcase name="testForGiftCards" time="36.578" classname="com.Hackatone.TestClasses.GiftCard">
    <failure type="java.lang.AssertionError" message="Wrong information Fed-Up :: Verify The Details in attached ScreenShot">
      <![CDATA[java.lang.AssertionError: Wrong information Fed-Up :: Verify The Details in attached ScreenShot
at com.Hackatone.Base.BaseUI.reportFail(BaseUI.java:343)
at com.Hackatone.Base.BaseUI.validateResult(BaseUI.java:248)
at com.Hackatone.TestClasses.GiftCard.testForGiftCards(GiftCard.java:62)
... Removed 30 stack frames]]>
    </failure>
  </testcase> <!-- testForGiftCards -->
  <testcase name="testForGiftCards" time="37.589" classname="com.Hackatone.TestClasses.GiftCard">
    <failure type="java.lang.AssertionError" message="Wrong information Fed-Up :: Verify The Details in attached ScreenShot">
      <![CDATA[java.lang.AssertionError: Wrong information Fed-Up :: Verify The Details in attached ScreenShot
at com.Hackatone.Base.BaseUI.reportFail(BaseUI.java:343)
at com.Hackatone.Base.BaseUI.validateResult(BaseUI.java:248)
at com.Hackatone.TestClasses.GiftCard.testForGiftCards(GiftCard.java:62)
... Removed 30 stack frames]]>
    </failure>
  </testcase> <!-- testForGiftCards -->
  <testcase name="testForGiftCards" time="35.716" classname="com.Hackatone.TestClasses.GiftCard"/>
  <testcase name="testForGiftCards" time="37.475" classname="com.Hackatone.TestClasses.GiftCard">
    <failure type="java.lang.AssertionError" message="Wrong information Fed-Up :: Verify The Details in attached ScreenShot">
      <![CDATA[java.lang.AssertionError: Wrong information Fed-Up :: Verify The Details in attached ScreenShot
at com.Hackatone.Base.BaseUI.reportFail(BaseUI.java:343)
at com.Hackatone.Base.BaseUI.validateResult(BaseUI.java:248)
at com.Hackatone.TestClasses.GiftCard.testForGiftCards(GiftCard.java:62)
... Removed 30 stack frames]]>
    </failure>
  </testcase> <!-- testForGiftCards -->
  <testcase name="testForGiftCards" time="36.114" classname="com.Hackatone.TestClasses.GiftCard"/>
  <testcase name="testForGiftCards" time="36.19" classname="com.Hackatone.TestClasses.GiftCard"/>
  <testcase name="@AfterTest endReport" time="0.0" classname="com.Hackatone.Base.BaseUI">
    <ignored/>
  </testcase> <!-- @AfterTest endReport -->
  <testcase name="@AfterTest endReport" time="0.0" classname="com.Hackatone.Base.BaseUI">
    <ignored/>
  </testcase> <!-- @AfterTest endReport -->
</testsuite> <!-- exicuteTestCases -->
