<?xml version="1.0" encoding="UTF-8"?>
<testsuite xmlns:xsi="http://www.w3.org/2001/XMLSchema-instance" xsi:noNamespaceSchemaLocation="https://maven.apache.org/surefire/maven-surefire-plugin/xsd/surefire-test-report.xsd" name="TestSuite" time="800.326" tests="20" errors="0" skipped="0" failures="12">
  <properties>
[...]
</properties>
  <testcase name="testOneForBookshelves" classname="com.Hackatone.TestClasses.GetBookshelves" time="29.845"/>
  <testcase name="getHomeListItems_one" classname="com.Hackatone.TestClasses.GetHomeItems" time="14.922"/>
  <testcase name="getHomeListItems_two" classname="com.Hackatone.TestClasses.GetHomeItems" time="13.71">
    <failure message="Failing the Testcase, Invalid Locator collection_menu_xpath" type="java.lang.AssertionError">java.lang.AssertionError: Failing the Testcase, Invalid Locator collection_menu_xpath
	at com.Hackatone.TestClasses.GetHomeItems.getHomeListItems_two(GetHomeItems.java:40)
</failure>
    <system-err><![CDATA[Nov 01, 2020 5:54:00 PM org.openqa.selenium.remote.DesiredCapabilities chrome
INFO: Using `new ChromeOptions()` is preferred to `DesiredCapabilities.chrome()`
Nov 01, 2020 5:54:04 PM org.openqa.selenium.remote.ProtocolHandshake createSession
INFO: Detected dialect: W3C
]]></system-err>
  </testcase>
  <testcase name="testForStudyChairs" classname="com.Hackatone.TestClasses.GetStudyChair" time="22.174"/>
  <testcase name="testForGiftCards" classname="com.Hackatone.TestClasses.GiftCard" time="40.444"/>
  <testcase name="testForGiftCards" classname="com.Hackatone.TestClasses.GiftCard" time="38.116">
    <failure message="Wrong information Fed-Up :: Verify The Details in attached ScreenShot" type="java.lang.AssertionError">java.lang.AssertionError: Wrong information Fed-Up :: Verify The Details in attached ScreenShot
	at com.Hackatone.TestClasses.GiftCard.testForGiftCards(GiftCard.java:62)
</failure>
    <system-err><![CDATA[Nov 01, 2020 5:55:18 PM org.openqa.selenium.remote.DesiredCapabilities chrome
INFO: Using `new ChromeOptions()` is preferred to `DesiredCapabilities.chrome()`
Nov 01, 2020 5:55:21 PM org.openqa.selenium.remote.ProtocolHandshake createSession
INFO: Detected dialect: W3C
]]></system-err>
  </testcase>
  <testcase name="testForGiftCards" classname="com.Hackatone.TestClasses.GiftCard" time="37.044">
    <failure message="Wrong information Fed-Up :: Verify The Details in attached ScreenShot" type="java.lang.AssertionError">java.lang.AssertionError: Wrong information Fed-Up :: Verify The Details in attached ScreenShot
	at com.Hackatone.TestClasses.GiftCard.testForGiftCards(GiftCard.java:62)
</failure>
    <system-err><![CDATA[Nov 01, 2020 5:55:56 PM org.openqa.selenium.remote.DesiredCapabilities chrome
INFO: Using `new ChromeOptions()` is preferred to `DesiredCapabilities.chrome()`
Nov 01, 2020 5:56:00 PM org.openqa.selenium.remote.ProtocolHandshake createSession
INFO: Detected dialect: W3C
]]></system-err>
  </testcase>
  <testcase name="testForGiftCards" classname="com.Hackatone.TestClasses.GiftCard" time="34.932"/>
  <testcase name="testForGiftCards" classname="com.Hackatone.TestClasses.GiftCard" time="37.726">
    <failure message="Wrong information Fed-Up :: Verify The Details in attached ScreenShot" type="java.lang.AssertionError">java.lang.AssertionError: Wrong information Fed-Up :: Verify The Details in attached ScreenShot
	at com.Hackatone.TestClasses.GiftCard.testForGiftCards(GiftCard.java:62)
</failure>
    <system-err><![CDATA[Nov 01, 2020 5:57:09 PM org.openqa.selenium.remote.DesiredCapabilities chrome
INFO: Using `new ChromeOptions()` is preferred to `DesiredCapabilities.chrome()`
Nov 01, 2020 5:57:13 PM org.openqa.selenium.remote.ProtocolHandshake createSession
INFO: Detected dialect: W3C
]]></system-err>
  </testcase>
  <testcase name="testForGiftCards" classname="com.Hackatone.TestClasses.GiftCard" time="37.694">
    <failure message="Wrong information Fed-Up :: Verify The Details in attached ScreenShot" type="java.lang.AssertionError">java.lang.AssertionError: Wrong information Fed-Up :: Verify The Details in attached ScreenShot
	at com.Hackatone.TestClasses.GiftCard.testForGiftCards(GiftCard.java:62)
</failure>
    <system-err><![CDATA[Nov 01, 2020 5:57:47 PM org.openqa.selenium.remote.DesiredCapabilities chrome
INFO: Using `new ChromeOptions()` is preferred to `DesiredCapabilities.chrome()`
Nov 01, 2020 5:57:51 PM org.openqa.selenium.remote.ProtocolHandshake createSession
INFO: Detected dialect: W3C
]]></system-err>
  </testcase>
  <testcase name="testForGiftCards" classname="com.Hackatone.TestClasses.GiftCard" time="37.472">
    <failure message="Wrong information Fed-Up :: Verify The Details in attached ScreenShot" type="java.lang.AssertionError">java.lang.AssertionError: Wrong information Fed-Up :: Verify The Details in attached ScreenShot
	at com.Hackatone.TestClasses.GiftCard.testForGiftCards(GiftCard.java:62)
</failure>
    <system-err><![CDATA[Nov 01, 2020 5:58:25 PM org.openqa.selenium.remote.DesiredCapabilities chrome
INFO: Using `new ChromeOptions()` is preferred to `DesiredCapabilities.chrome()`
Nov 01, 2020 5:58:29 PM org.openqa.selenium.remote.ProtocolHandshake createSession
INFO: Detected dialect: W3C
]]></system-err>
  </testcase>
  <testcase name="testForGiftCards" classname="com.Hackatone.TestClasses.GiftCard" time="36.942">
    <failure message="Wrong information Fed-Up :: Verify The Details in attached ScreenShot" type="java.lang.AssertionError">java.lang.AssertionError: Wrong information Fed-Up :: Verify The Details in attached ScreenShot
	at com.Hackatone.TestClasses.GiftCard.testForGiftCards(GiftCard.java:62)
</failure>
    <system-err><![CDATA[Nov 01, 2020 5:59:04 PM org.openqa.selenium.remote.DesiredCapabilities chrome
INFO: Using `new ChromeOptions()` is preferred to `DesiredCapabilities.chrome()`
Nov 01, 2020 5:59:07 PM org.openqa.selenium.remote.ProtocolHandshake createSession
INFO: Detected dialect: W3C
]]></system-err>
  </testcase>
  <testcase name="testForGiftCards" classname="com.Hackatone.TestClasses.GiftCard" time="37.95">
    <failure message="Wrong information Fed-Up :: Verify The Details in attached ScreenShot" type="java.lang.AssertionError">java.lang.AssertionError: Wrong information Fed-Up :: Verify The Details in attached ScreenShot
	at com.Hackatone.TestClasses.GiftCard.testForGiftCards(GiftCard.java:62)
</failure>
    <system-err><![CDATA[Nov 01, 2020 5:59:41 PM org.openqa.selenium.remote.DesiredCapabilities chrome
INFO: Using `new ChromeOptions()` is preferred to `DesiredCapabilities.chrome()`
Nov 01, 2020 5:59:45 PM org.openqa.selenium.remote.ProtocolHandshake createSession
INFO: Detected dialect: W3C
]]></system-err>
  </testcase>
  <testcase name="testForGiftCards" classname="com.Hackatone.TestClasses.GiftCard" time="148.034">
    <failure message="element not interactable&#10;  (Session info: chrome=86.0.4240.111)&#10;Build info: version: &apos;3.141.59&apos;, revision: &apos;e82be7d358&apos;, time: &apos;2018-11-14T08:17:03&apos;&#10;System info: host: &apos;LAPTOP-7COG7LUP&apos;, ip: &apos;192.168.1.100&apos;, os.name: &apos;Windows 10&apos;, os.arch: &apos;amd64&apos;, os.version: &apos;10.0&apos;, java.version: &apos;1.8.0_241&apos;&#10;Driver info: org.openqa.selenium.remote.RemoteWebDriver&#10;Capabilities {acceptInsecureCerts: false, browserName: chrome, browserVersion: 86.0.4240.111, chrome: {chromedriverVersion: 85.0.4183.87 (cd6713ebf92fa..., userDataDir: C:\Users\SUBASH~1\AppData\L...}, goog:chromeOptions: {debuggerAddress: localhost:51585}, javascriptEnabled: true, networkConnectionEnabled: false, pageLoadStrategy: normal, platform: WINDOWS, platformName: WINDOWS, proxy: Proxy(), setWindowRect: true, strictFileInteractability: false, timeouts: {implicit: 0, pageLoad: 300000, script: 30000}, unhandledPromptBehavior: dismiss and notify, webauthn:virtualAuthenticators: true, webdriver.remote.sessionid: 0a62aa7b101780f92584b98146c...}&#10;Session ID: 0a62aa7b101780f92584b98146c900b9" type="java.lang.AssertionError">java.lang.AssertionError: 
element not interactable
  (Session info: chrome=86.0.4240.111)
Build info: version: '3.141.59', revision: 'e82be7d358', time: '2018-11-14T08:17:03'
System info: host: 'LAPTOP-7COG7LUP', ip: '192.168.1.100', os.name: 'Windows 10', os.arch: 'amd64', os.version: '10.0', java.version: '1.8.0_241'
Driver info: org.openqa.selenium.remote.RemoteWebDriver
Capabilities {acceptInsecureCerts: false, browserName: chrome, browserVersion: 86.0.4240.111, chrome: {chromedriverVersion: 85.0.4183.87 (cd6713ebf92fa..., userDataDir: C:\Users\SUBASH~1\AppData\L...}, goog:chromeOptions: {debuggerAddress: localhost:51585}, javascriptEnabled: true, networkConnectionEnabled: false, pageLoadStrategy: normal, platform: WINDOWS, platformName: WINDOWS, proxy: Proxy(), setWindowRect: true, strictFileInteractability: false, timeouts: {implicit: 0, pageLoad: 300000, script: 30000}, unhandledPromptBehavior: dismiss and notify, webauthn:virtualAuthenticators: true, webdriver.remote.sessionid: 0a62aa7b101780f92584b98146c...}
Session ID: 0a62aa7b101780f92584b98146c900b9
	at com.Hackatone.TestClasses.GiftCard.testForGiftCards(GiftCard.java:41)
</failure>
    <system-err><![CDATA[Nov 01, 2020 6:00:20 PM org.openqa.selenium.remote.DesiredCapabilities chrome
INFO: Using `new ChromeOptions()` is preferred to `DesiredCapabilities.chrome()`
Nov 01, 2020 6:00:23 PM org.openqa.selenium.remote.ProtocolHandshake createSession
INFO: Detected dialect: W3C
]]></system-err>
  </testcase>
  <testcase name="testForGiftCards" classname="com.Hackatone.TestClasses.GiftCard" time="36.575">
    <failure message="Wrong information Fed-Up :: Verify The Details in attached ScreenShot" type="java.lang.AssertionError">java.lang.AssertionError: Wrong information Fed-Up :: Verify The Details in attached ScreenShot
	at com.Hackatone.TestClasses.GiftCard.testForGiftCards(GiftCard.java:62)
</failure>
    <system-err><![CDATA[Nov 01, 2020 6:02:48 PM org.openqa.selenium.remote.DesiredCapabilities chrome
INFO: Using `new ChromeOptions()` is preferred to `DesiredCapabilities.chrome()`
Nov 01, 2020 6:02:52 PM org.openqa.selenium.remote.ProtocolHandshake createSession
INFO: Detected dialect: W3C
]]></system-err>
  </testcase>
  <testcase name="testForGiftCards" classname="com.Hackatone.TestClasses.GiftCard" time="37.59">
    <failure message="Wrong information Fed-Up :: Verify The Details in attached ScreenShot" type="java.lang.AssertionError">java.lang.AssertionError: Wrong information Fed-Up :: Verify The Details in attached ScreenShot
	at com.Hackatone.TestClasses.GiftCard.testForGiftCards(GiftCard.java:62)
</failure>
    <system-err><![CDATA[Nov 01, 2020 6:03:25 PM org.openqa.selenium.remote.DesiredCapabilities chrome
INFO: Using `new ChromeOptions()` is preferred to `DesiredCapabilities.chrome()`
Nov 01, 2020 6:03:29 PM org.openqa.selenium.remote.ProtocolHandshake createSession
INFO: Detected dialect: W3C
]]></system-err>
  </testcase>
  <testcase name="testForGiftCards" classname="com.Hackatone.TestClasses.GiftCard" time="35.716"/>
  <testcase name="testForGiftCards" classname="com.Hackatone.TestClasses.GiftCard" time="37.477">
    <failure message="Wrong information Fed-Up :: Verify The Details in attached ScreenShot" type="java.lang.AssertionError">java.lang.AssertionError: Wrong information Fed-Up :: Verify The Details in attached ScreenShot
	at com.Hackatone.TestClasses.GiftCard.testForGiftCards(GiftCard.java:62)
</failure>
    <system-err><![CDATA[Nov 01, 2020 6:04:40 PM org.openqa.selenium.remote.DesiredCapabilities chrome
INFO: Using `new ChromeOptions()` is preferred to `DesiredCapabilities.chrome()`
Nov 01, 2020 6:04:44 PM org.openqa.selenium.remote.ProtocolHandshake createSession
INFO: Detected dialect: W3C
]]></system-err>
  </testcase>
  <testcase name="testForGiftCards" classname="com.Hackatone.TestClasses.GiftCard" time="36.114"/>
  <testcase name="testForGiftCards" classname="com.Hackatone.TestClasses.GiftCard" time="36.187"/>
</testsuite>